<?xml version="1.0" encoding="UTF-8"?>
<!-- Generated by org.testng.reporters.JUnitXMLReporter -->
<testsuite ignored="0" hostname="ganesh-PC" failures="2" tests="4" name="Test" time="111.38" errors="0" timestamp="2022-10-18T17:19:29 IST">
  <testcase classname="Com.OrangeHRM.TestCases.Adminpagetest" name="verifythetext" time="17.677">
    <failure type="java.lang.AssertionError">
      <![CDATA[java.lang.AssertionError: 
at Com.OrangeHRM.TestCases.Adminpagetest.verifythetext(Adminpagetest.java:30)
at java.base/java.util.ArrayList.forEach(ArrayList.java:1541)
... Removed 30 stack frames]]>
    </failure>
  </testcase> <!-- verifythetext -->
  <testcase classname="Com.OrangeHRM.TestCases.HomepageTest" name="EmployeeName" time="16.92"/>
  <testcase classname="Com.OrangeHRM.TestCases.LoginpageTest" name="OrangeHRMPageTitle" time="10.496"/>
  <testcase classname="Com.OrangeHRM.TestCases.LoginpageTest" name="OrangeUername" time="11.244">
    <failure type="java.lang.AssertionError">
      <![CDATA[java.lang.AssertionError: 
at Com.OrangeHRM.TestCases.LoginpageTest.OrangeUername(LoginpageTest.java:35)
at java.base/java.util.ArrayList.forEach(ArrayList.java:1541)
... Removed 30 stack frames]]>
    </failure>
  </testcase> <!-- OrangeUername -->
</testsuite> <!-- Test -->
